build/app/intermediates/manifest_merge_blame_file/release/manifest-merger-blame-release-report.txt
1<?xml version="1.0" encoding="utf-8"?>
2<manifest xmlns:android="http://schemas.android.com/apk/res/android"
3    package="com.salamasons.stopgroup"
4    android:versionCode="1"
5    android:versionName="1.1.0" >
6
7    <uses-sdk
8        android:minSdkVersion="21"
8-->src\main\AndroidManifest.xml
9        android:targetSdkVersion="33" />
9-->src\main\AndroidManifest.xml
10
11    <uses-permission android:name="android.permission.INTERNET" />
11-->src\main\AndroidManifest.xml:4:5-67
11-->src\main\AndroidManifest.xml:4:22-64
12    <uses-permission android:name="android.permission.ACCESS_FINE_LOCATION" />
12-->src\main\AndroidManifest.xml:5:5-79
12-->src\main\AndroidManifest.xml:5:22-76
13    <uses-permission android:name="android.permission.ACCESS_COARSE_LOCATION" />
13-->src\main\AndroidManifest.xml:6:5-81
13-->src\main\AndroidManifest.xml:6:22-78
14    <uses-permission android:name="android.permission.ACCESS_NETWORK_STATE" />
14-->src\main\AndroidManifest.xml:7:5-79
14-->src\main\AndroidManifest.xml:7:22-76
15    <uses-permission android:name="android.permission.RECEIVE_BOOT_COMPLETED" />
15-->src\main\AndroidManifest.xml:8:5-81
15-->src\main\AndroidManifest.xml:8:22-78
16
17    <queries>
17-->src\main\AndroidManifest.xml:10:5-23:15
18        <intent>
18-->src\main\AndroidManifest.xml:11:9-14:18
19            <action android:name="android.intent.action.VIEW" />
19-->src\main\AndroidManifest.xml:12:13-65
19-->src\main\AndroidManifest.xml:12:21-62
20
21            <data android:scheme="https" />
21-->src\main\AndroidManifest.xml:13:13-44
21-->src\main\AndroidManifest.xml:13:19-41
22        </intent>
23        <intent>
23-->src\main\AndroidManifest.xml:15:9-18:18
24            <action android:name="android.intent.action.DIAL" />
24-->src\main\AndroidManifest.xml:16:13-65
24-->src\main\AndroidManifest.xml:16:21-62
25
26            <data android:scheme="tel" />
26-->src\main\AndroidManifest.xml:13:13-44
26-->src\main\AndroidManifest.xml:13:19-41
27        </intent>
28        <intent>
28-->src\main\AndroidManifest.xml:19:9-22:18
29            <action android:name="android.intent.action.SEND" />
29-->src\main\AndroidManifest.xml:20:13-65
29-->src\main\AndroidManifest.xml:20:21-62
30
31            <data android:mimeType="*/*" />
31-->src\main\AndroidManifest.xml:13:13-44
31-->src\main\AndroidManifest.xml:21:19-41
32        </intent>
33        <!-- Needs to be explicitly declared on Android R+ -->
34        <package android:name="com.google.android.apps.maps" />
34-->[com.google.android.gms:play-services-maps:18.0.2] AndroidManifest.xml:33:9-64
34-->[com.google.android.gms:play-services-maps:18.0.2] AndroidManifest.xml:33:18-61
35    </queries>
36
37    <uses-permission android:name="android.permission.WAKE_LOCK" />
37-->[:firebase_messaging] AndroidManifest.xml:8:5-68
37-->[:firebase_messaging] AndroidManifest.xml:8:22-65
38    <uses-permission android:name="android.permission.READ_EXTERNAL_STORAGE" />
38-->[:image_picker] AndroidManifest.xml:7:5-80
38-->[:image_picker] AndroidManifest.xml:7:22-77
39    <uses-permission android:name="android.permission.WRITE_EXTERNAL_STORAGE" />
39-->[:image_picker] AndroidManifest.xml:8:5-81
39-->[:image_picker] AndroidManifest.xml:8:22-78
40    <uses-permission android:name="android.permission.VIBRATE" />
40-->[:flutter_local_notifications] AndroidManifest.xml:8:5-66
40-->[:flutter_local_notifications] AndroidManifest.xml:8:22-63
41    <uses-permission android:name="android.permission.USE_FULL_SCREEN_INTENT" /> <!-- Required by older versions of Google Play services to create IID tokens -->
41-->[:flutter_local_notifications] AndroidManifest.xml:9:5-81
41-->[:flutter_local_notifications] AndroidManifest.xml:9:22-78
42    <uses-permission android:name="com.google.android.c2dm.permission.RECEIVE" />
42-->[com.google.firebase:firebase-messaging:23.0.0] AndroidManifest.xml:25:5-82
42-->[com.google.firebase:firebase-messaging:23.0.0] AndroidManifest.xml:25:22-79
43
44    <uses-feature
44-->[com.google.android.gms:play-services-maps:18.0.2] AndroidManifest.xml:26:5-28:35
45        android:glEsVersion="0x00020000"
45-->[com.google.android.gms:play-services-maps:18.0.2] AndroidManifest.xml:27:9-41
46        android:required="true" />
46-->[com.google.android.gms:play-services-maps:18.0.2] AndroidManifest.xml:28:9-32
47
48    <permission
48-->[androidx.core:core:1.9.0] AndroidManifest.xml:22:5-24:47
49        android:name="com.salamasons.stopgroup.DYNAMIC_RECEIVER_NOT_EXPORTED_PERMISSION"
49-->[androidx.core:core:1.9.0] AndroidManifest.xml:23:9-81
50        android:protectionLevel="signature" />
50-->[androidx.core:core:1.9.0] AndroidManifest.xml:24:9-44
51
52    <uses-permission android:name="com.salamasons.stopgroup.DYNAMIC_RECEIVER_NOT_EXPORTED_PERMISSION" />
52-->[androidx.core:core:1.9.0] AndroidManifest.xml:26:5-97
52-->[androidx.core:core:1.9.0] AndroidManifest.xml:26:22-94
53
54    <application
55        android:name="android.app.Application"
55-->src\main\AndroidManifest.xml:26:9-42
56        android:appComponentFactory="androidx.core.app.CoreComponentFactory"
56-->[androidx.core:core:1.9.0] AndroidManifest.xml:28:18-86
57        android:icon="@mipmap/ic_launcher"
57-->src\main\AndroidManifest.xml:27:9-43
58        android:label="اولاد سلامه"
58-->src\main\AndroidManifest.xml:30:9-36
59        android:requestLegacyExternalStorage="true"
59-->src\main\AndroidManifest.xml:28:9-52
60        android:usesCleartextTraffic="true" >
60-->src\main\AndroidManifest.xml:29:9-44
61        <meta-data
61-->src\main\AndroidManifest.xml:32:9-34:71
62            android:name="com.google.android.geo.API_KEY"
62-->src\main\AndroidManifest.xml:33:13-58
63            android:value="AIzaSyBp951iVBzSiIUtPfSBmNwcaf90kRY3PoA" />
63-->src\main\AndroidManifest.xml:34:13-68
64
65        <activity
65-->src\main\AndroidManifest.xml:36:9-58:20
66            android:name="com.salamasons.stopgroup.MainActivity"
66-->src\main\AndroidManifest.xml:37:13-41
67            android:configChanges="orientation|keyboardHidden|keyboard|screenSize|smallestScreenSize|locale|layoutDirection|fontScale|screenLayout|density|uiMode"
67-->src\main\AndroidManifest.xml:39:13-163
68            android:exported="true"
68-->src\main\AndroidManifest.xml:38:13-36
69            android:hardwareAccelerated="true"
69-->src\main\AndroidManifest.xml:40:13-47
70            android:launchMode="singleTop"
70-->src\main\AndroidManifest.xml:41:13-43
71            android:theme="@style/LaunchTheme"
71-->src\main\AndroidManifest.xml:42:13-47
72            android:windowSoftInputMode="adjustResize" >
72-->src\main\AndroidManifest.xml:43:13-55
73            <meta-data
73-->src\main\AndroidManifest.xml:44:13-46:57
74                android:name="io.flutter.embedding.android.NormalTheme"
74-->src\main\AndroidManifest.xml:45:17-72
75                android:resource="@style/NormalTheme" />
75-->src\main\AndroidManifest.xml:46:17-54
76            <meta-data
76-->src\main\AndroidManifest.xml:47:13-49:66
77                android:name="io.flutter.embedding.android.SplashScreenDrawable"
77-->src\main\AndroidManifest.xml:48:17-81
78                android:resource="@drawable/launch_background" />
78-->src\main\AndroidManifest.xml:49:17-63
79
80            <intent-filter>
80-->src\main\AndroidManifest.xml:50:13-53:29
81                <action android:name="android.intent.action.MAIN" />
81-->src\main\AndroidManifest.xml:51:17-69
81-->src\main\AndroidManifest.xml:51:25-66
82
83                <category android:name="android.intent.category.LAUNCHER" />
83-->src\main\AndroidManifest.xml:52:17-77
83-->src\main\AndroidManifest.xml:52:27-74
84            </intent-filter>
85            <intent-filter>
85-->src\main\AndroidManifest.xml:54:13-57:29
86                <action android:name="FLUTTER_NOTIFICATION_CLICK" />
86-->src\main\AndroidManifest.xml:55:17-69
86-->src\main\AndroidManifest.xml:55:25-66
87
88                <category android:name="android.intent.category.DEFAULT" />
88-->src\main\AndroidManifest.xml:56:17-76
88-->src\main\AndroidManifest.xml:56:27-73
89            </intent-filter>
90        </activity>
91
92        <!-- Required by flutter_local_notifications -->
93        <receiver
93-->src\main\AndroidManifest.xml:61:9-68:20
94            android:name="com.dexterous.flutterlocalnotifications.ScheduledNotificationBootReceiver"
94-->src\main\AndroidManifest.xml:62:13-101
95            android:exported="true" >
95-->src\main\AndroidManifest.xml:63:13-36
96            <intent-filter>
96-->src\main\AndroidManifest.xml:64:13-67:29
97                <action android:name="android.intent.action.BOOT_COMPLETED" />
97-->src\main\AndroidManifest.xml:65:17-78
97-->src\main\AndroidManifest.xml:65:25-76
98                <action android:name="android.intent.action.MY_PACKAGE_REPLACED" />
98-->src\main\AndroidManifest.xml:66:17-83
98-->src\main\AndroidManifest.xml:66:25-81
99            </intent-filter>
100            <intent-filter>
100-->[:flutter_local_notifications] AndroidManifest.xml:14:13-19:29
101                <action android:name="android.intent.action.BOOT_COMPLETED" />
101-->src\main\AndroidManifest.xml:65:17-78
101-->src\main\AndroidManifest.xml:65:25-76
102                <action android:name="android.intent.action.MY_PACKAGE_REPLACED" />
102-->src\main\AndroidManifest.xml:66:17-83
102-->src\main\AndroidManifest.xml:66:25-81
103                <action android:name="android.intent.action.QUICKBOOT_POWERON" />
103-->[:flutter_local_notifications] AndroidManifest.xml:17:17-82
103-->[:flutter_local_notifications] AndroidManifest.xml:17:25-79
104                <action android:name="com.htc.intent.action.QUICKBOOT_POWERON" />
104-->[:flutter_local_notifications] AndroidManifest.xml:18:17-82
104-->[:flutter_local_notifications] AndroidManifest.xml:18:25-79
105            </intent-filter>
106        </receiver>
107        <receiver
107-->src\main\AndroidManifest.xml:70:9-72:39
108            android:name="com.dexterous.flutterlocalnotifications.NotificationPublisher"
108-->src\main\AndroidManifest.xml:71:13-89
109            android:exported="true" />
109-->src\main\AndroidManifest.xml:72:13-36
110
111        <meta-data
111-->src\main\AndroidManifest.xml:74:9-76:33
112            android:name="flutterEmbedding"
112-->src\main\AndroidManifest.xml:75:13-44
113            android:value="2" />
113-->src\main\AndroidManifest.xml:76:13-30
114
115        <service
115-->[:firebase_messaging] AndroidManifest.xml:12:9-15:72
116            android:name="io.flutter.plugins.firebase.messaging.FlutterFirebaseMessagingBackgroundService"
116-->[:firebase_messaging] AndroidManifest.xml:13:13-107
117            android:exported="false"
117-->[:firebase_messaging] AndroidManifest.xml:14:13-37
118            android:permission="android.permission.BIND_JOB_SERVICE" />
118-->[:firebase_messaging] AndroidManifest.xml:15:13-69
119        <service
119-->[:firebase_messaging] AndroidManifest.xml:16:9-22:19
120            android:name="io.flutter.plugins.firebase.messaging.FlutterFirebaseMessagingService"
120-->[:firebase_messaging] AndroidManifest.xml:17:13-97
121            android:exported="false" >
121-->[:firebase_messaging] AndroidManifest.xml:18:13-37
122            <intent-filter>
122-->[:firebase_messaging] AndroidManifest.xml:19:13-21:29
123                <action android:name="com.google.firebase.MESSAGING_EVENT" />
123-->[:firebase_messaging] AndroidManifest.xml:20:17-78
123-->[:firebase_messaging] AndroidManifest.xml:20:25-75
124            </intent-filter>
125        </service>
126
127        <receiver
127-->[:firebase_messaging] AndroidManifest.xml:24:9-31:20
128            android:name="io.flutter.plugins.firebase.messaging.FlutterFirebaseMessagingReceiver"
128-->[:firebase_messaging] AndroidManifest.xml:25:13-98
129            android:exported="true"
129-->[:firebase_messaging] AndroidManifest.xml:26:13-36
130            android:permission="com.google.android.c2dm.permission.SEND" >
130-->[:firebase_messaging] AndroidManifest.xml:27:13-73
131            <intent-filter>
131-->[:firebase_messaging] AndroidManifest.xml:28:13-30:29
132                <action android:name="com.google.android.c2dm.intent.RECEIVE" />
132-->[:firebase_messaging] AndroidManifest.xml:29:17-81
132-->[:firebase_messaging] AndroidManifest.xml:29:25-78
133            </intent-filter>
134        </receiver>
135
136        <service
136-->[:firebase_messaging] AndroidManifest.xml:33:9-37:19
137            android:name="com.google.firebase.components.ComponentDiscoveryService"
137-->[:firebase_messaging] AndroidManifest.xml:33:18-89
138            android:directBootAware="true"
138-->[com.google.firebase:firebase-common:20.0.0] AndroidManifest.xml:35:13-43
139            android:exported="false" >
139-->[com.google.firebase:firebase-messaging:23.0.0] AndroidManifest.xml:51:13-37
140            <meta-data
140-->[:firebase_messaging] AndroidManifest.xml:34:13-36:85
141                android:name="com.google.firebase.components:io.flutter.plugins.firebase.messaging.FlutterFirebaseAppRegistrar"
141-->[:firebase_messaging] AndroidManifest.xml:35:17-128
142                android:value="com.google.firebase.components.ComponentRegistrar" />
142-->[:firebase_messaging] AndroidManifest.xml:36:17-82
143            <meta-data
143-->[:firebase_core] AndroidManifest.xml:9:13-11:85
144                android:name="com.google.firebase.components:io.flutter.plugins.firebase.core.FlutterFirebaseCoreRegistrar"
144-->[:firebase_core] AndroidManifest.xml:10:17-124
145                android:value="com.google.firebase.components.ComponentRegistrar" />
145-->[:firebase_core] AndroidManifest.xml:11:17-82
146            <meta-data
146-->[com.google.firebase:firebase-messaging:23.0.0] AndroidManifest.xml:52:13-54:85
147                android:name="com.google.firebase.components:com.google.firebase.messaging.FirebaseMessagingRegistrar"
147-->[com.google.firebase:firebase-messaging:23.0.0] AndroidManifest.xml:53:17-119
148                android:value="com.google.firebase.components.ComponentRegistrar" />
148-->[com.google.firebase:firebase-messaging:23.0.0] AndroidManifest.xml:54:17-82
149            <meta-data
149-->[com.google.firebase:firebase-datatransport:18.0.0] AndroidManifest.xml:28:13-30:85
150                android:name="com.google.firebase.components:com.google.firebase.datatransport.TransportRegistrar"
150-->[com.google.firebase:firebase-datatransport:18.0.0] AndroidManifest.xml:29:17-115
151                android:value="com.google.firebase.components.ComponentRegistrar" />
151-->[com.google.firebase:firebase-datatransport:18.0.0] AndroidManifest.xml:30:17-82
152            <meta-data
152-->[com.google.firebase:firebase-installations:17.0.0] AndroidManifest.xml:18:13-20:85
153                android:name="com.google.firebase.components:com.google.firebase.installations.FirebaseInstallationsRegistrar"
153-->[com.google.firebase:firebase-installations:17.0.0] AndroidManifest.xml:19:17-127
154                android:value="com.google.firebase.components.ComponentRegistrar" />
154-->[com.google.firebase:firebase-installations:17.0.0] AndroidManifest.xml:20:17-82
155        </service>
156
157        <provider
157-->[:firebase_messaging] AndroidManifest.xml:39:9-43:38
158            android:name="io.flutter.plugins.firebase.messaging.FlutterFirebaseMessagingInitProvider"
158-->[:firebase_messaging] AndroidManifest.xml:40:13-102
159            android:authorities="com.salamasons.stopgroup.flutterfirebasemessaginginitprovider"
159-->[:firebase_messaging] AndroidManifest.xml:41:13-88
160            android:exported="false"
160-->[:firebase_messaging] AndroidManifest.xml:42:13-37
161            android:initOrder="99" />
161-->[:firebase_messaging] AndroidManifest.xml:43:13-35
162
163        <service
163-->[:geolocator_android] AndroidManifest.xml:8:9-12:56
164            android:name="com.baseflow.geolocator.GeolocatorLocationService"
164-->[:geolocator_android] AndroidManifest.xml:9:13-77
165            android:enabled="true"
165-->[:geolocator_android] AndroidManifest.xml:10:13-35
166            android:exported="false"
166-->[:geolocator_android] AndroidManifest.xml:11:13-37
167            android:foregroundServiceType="location" />
167-->[:geolocator_android] AndroidManifest.xml:12:13-53
168
169        <provider
169-->[:image_picker] AndroidManifest.xml:11:9-19:20
170            android:name="io.flutter.plugins.imagepicker.ImagePickerFileProvider"
170-->[:image_picker] AndroidManifest.xml:12:13-82
171            android:authorities="com.salamasons.stopgroup.flutter.image_provider"
171-->[:image_picker] AndroidManifest.xml:13:13-74
172            android:exported="false"
172-->[:image_picker] AndroidManifest.xml:14:13-37
173            android:grantUriPermissions="true" >
173-->[:image_picker] AndroidManifest.xml:15:13-47
174            <meta-data
174-->[:image_picker] AndroidManifest.xml:16:13-18:75
175                android:name="android.support.FILE_PROVIDER_PATHS"
175-->[:image_picker] AndroidManifest.xml:17:17-67
176                android:resource="@xml/flutter_image_picker_file_paths" />
176-->[:image_picker] AndroidManifest.xml:18:17-72
177        </provider>
178
179        <receiver android:name="com.dexterous.flutterlocalnotifications.ScheduledNotificationReceiver" />
179-->[:flutter_local_notifications] AndroidManifest.xml:12:9-106
179-->[:flutter_local_notifications] AndroidManifest.xml:12:19-103
180
181        <activity
181-->[:url_launcher_android] AndroidManifest.xml:8:9-11:74
182            android:name="io.flutter.plugins.urllauncher.WebViewActivity"
182-->[:url_launcher_android] AndroidManifest.xml:9:13-74
183            android:exported="false"
183-->[:url_launcher_android] AndroidManifest.xml:10:13-37
184            android:theme="@android:style/Theme.NoTitleBar.Fullscreen" />
184-->[:url_launcher_android] AndroidManifest.xml:11:13-71
185
186        <uses-library
186-->[androidx.window:window:1.0.0-beta04] AndroidManifest.xml:25:9-27:40
187            android:name="androidx.window.extensions"
187-->[androidx.window:window:1.0.0-beta04] AndroidManifest.xml:26:13-54
188            android:required="false" />
188-->[androidx.window:window:1.0.0-beta04] AndroidManifest.xml:27:13-37
189        <uses-library
189-->[androidx.window:window:1.0.0-beta04] AndroidManifest.xml:28:9-30:40
190            android:name="androidx.window.sidecar"
190-->[androidx.window:window:1.0.0-beta04] AndroidManifest.xml:29:13-51
191            android:required="false" />
191-->[androidx.window:window:1.0.0-beta04] AndroidManifest.xml:30:13-37
192
193        <receiver
193-->[com.google.firebase:firebase-messaging:23.0.0] AndroidManifest.xml:28:9-35:20
194            android:name="com.google.firebase.iid.FirebaseInstanceIdReceiver"
194-->[com.google.firebase:firebase-messaging:23.0.0] AndroidManifest.xml:29:13-78
195            android:exported="true"
195-->[com.google.firebase:firebase-messaging:23.0.0] AndroidManifest.xml:30:13-36
196            android:permission="com.google.android.c2dm.permission.SEND" >
196-->[com.google.firebase:firebase-messaging:23.0.0] AndroidManifest.xml:31:13-73
197            <intent-filter>
197-->[:firebase_messaging] AndroidManifest.xml:28:13-30:29
198                <action android:name="com.google.android.c2dm.intent.RECEIVE" />
198-->[:firebase_messaging] AndroidManifest.xml:29:17-81
198-->[:firebase_messaging] AndroidManifest.xml:29:25-78
199            </intent-filter>
200        </receiver>
201        <!--
202             FirebaseMessagingService performs security checks at runtime,
203             but set to not exported to explicitly avoid allowing another app to call it.
204        -->
205        <service
205-->[com.google.firebase:firebase-messaging:23.0.0] AndroidManifest.xml:41:9-48:19
206            android:name="com.google.firebase.messaging.FirebaseMessagingService"
206-->[com.google.firebase:firebase-messaging:23.0.0] AndroidManifest.xml:42:13-82
207            android:directBootAware="true"
207-->[com.google.firebase:firebase-messaging:23.0.0] AndroidManifest.xml:43:13-43
208            android:exported="false" >
208-->[com.google.firebase:firebase-messaging:23.0.0] AndroidManifest.xml:44:13-37
209            <intent-filter android:priority="-500" >
209-->[:firebase_messaging] AndroidManifest.xml:19:13-21:29
210                <action android:name="com.google.firebase.MESSAGING_EVENT" />
210-->[:firebase_messaging] AndroidManifest.xml:20:17-78
210-->[:firebase_messaging] AndroidManifest.xml:20:25-75
211            </intent-filter>
212        </service>
213
214        <provider
214-->[com.google.firebase:firebase-common:20.0.0] AndroidManifest.xml:26:9-31:39
215            android:name="com.google.firebase.provider.FirebaseInitProvider"
215-->[com.google.firebase:firebase-common:20.0.0] AndroidManifest.xml:27:13-77
216            android:authorities="com.salamasons.stopgroup.firebaseinitprovider"
216-->[com.google.firebase:firebase-common:20.0.0] AndroidManifest.xml:28:13-72
217            android:directBootAware="true"
217-->[com.google.firebase:firebase-common:20.0.0] AndroidManifest.xml:29:13-43
218            android:exported="false"
218-->[com.google.firebase:firebase-common:20.0.0] AndroidManifest.xml:30:13-37
219            android:initOrder="100" /> <!-- Needs to be explicitly declared on P+ -->
219-->[com.google.firebase:firebase-common:20.0.0] AndroidManifest.xml:31:13-36
220        <uses-library
220-->[com.google.android.gms:play-services-maps:18.0.2] AndroidManifest.xml:39:9-41:40
221            android:name="org.apache.http.legacy"
221-->[com.google.android.gms:play-services-maps:18.0.2] AndroidManifest.xml:40:13-50
222            android:required="false" />
222-->[com.google.android.gms:play-services-maps:18.0.2] AndroidManifest.xml:41:13-37
223
224        <activity
224-->[com.google.android.gms:play-services-base:18.1.0] AndroidManifest.xml:20:9-22:45
225            android:name="com.google.android.gms.common.api.GoogleApiActivity"
225-->[com.google.android.gms:play-services-base:18.1.0] AndroidManifest.xml:20:19-85
226            android:exported="false"
226-->[com.google.android.gms:play-services-base:18.1.0] AndroidManifest.xml:22:19-43
227            android:theme="@android:style/Theme.Translucent.NoTitleBar" />
227-->[com.google.android.gms:play-services-base:18.1.0] AndroidManifest.xml:21:19-78
228
229        <meta-data
229-->[com.google.android.gms:play-services-basement:18.1.0] AndroidManifest.xml:21:9-23:69
230            android:name="com.google.android.gms.version"
230-->[com.google.android.gms:play-services-basement:18.1.0] AndroidManifest.xml:22:13-58
231            android:value="@integer/google_play_services_version" />
231-->[com.google.android.gms:play-services-basement:18.1.0] AndroidManifest.xml:23:13-66
232
233        <service
233-->[com.google.android.datatransport:transport-backend-cct:3.0.0] AndroidManifest.xml:29:9-35:19
234            android:name="com.google.android.datatransport.runtime.backends.TransportBackendDiscovery"
234-->[com.google.android.datatransport:transport-backend-cct:3.0.0] AndroidManifest.xml:30:13-103
235            android:exported="false" >
235-->[com.google.android.datatransport:transport-backend-cct:3.0.0] AndroidManifest.xml:31:13-37
236            <meta-data
236-->[com.google.android.datatransport:transport-backend-cct:3.0.0] AndroidManifest.xml:32:13-34:39
237                android:name="backend:com.google.android.datatransport.cct.CctBackendFactory"
237-->[com.google.android.datatransport:transport-backend-cct:3.0.0] AndroidManifest.xml:33:17-94
238                android:value="cct" />
238-->[com.google.android.datatransport:transport-backend-cct:3.0.0] AndroidManifest.xml:34:17-36
239        </service>
240        <service
240-->[com.google.android.datatransport:transport-runtime:3.0.0] AndroidManifest.xml:26:9-30:19
241            android:name="com.google.android.datatransport.runtime.scheduling.jobscheduling.JobInfoSchedulerService"
241-->[com.google.android.datatransport:transport-runtime:3.0.0] AndroidManifest.xml:27:13-117
242            android:exported="false"
242-->[com.google.android.datatransport:transport-runtime:3.0.0] AndroidManifest.xml:28:13-37
243            android:permission="android.permission.BIND_JOB_SERVICE" >
243-->[com.google.android.datatransport:transport-runtime:3.0.0] AndroidManifest.xml:29:13-69
244        </service>
245
246        <receiver
246-->[com.google.android.datatransport:transport-runtime:3.0.0] AndroidManifest.xml:32:9-34:40
247            android:name="com.google.android.datatransport.runtime.scheduling.jobscheduling.AlarmManagerSchedulerBroadcastReceiver"
247-->[com.google.android.datatransport:transport-runtime:3.0.0] AndroidManifest.xml:33:13-132
248            android:exported="false" />
248-->[com.google.android.datatransport:transport-runtime:3.0.0] AndroidManifest.xml:34:13-37
249    </application>
250
251</manifest>